2024-09-05 15:05:50 ERROR o.s.boot.SpringApplication - Application run failed
java.lang.IllegalStateException: java.lang.IllegalStateException: Logback configuration error detected: 
ERROR in ch.qos.logback.core.joran.util.PropertySetter@319988b0 - A "ch.qos.logback.core.rolling.SizeBasedTriggeringPolicy" object is not assignable to a "ch.qos.logback.core.rolling.RollingPolicy" variable.
ERROR in ch.qos.logback.core.joran.util.PropertySetter@319988b0 - The class "ch.qos.logback.core.rolling.RollingPolicy" was loaded by 
ERROR in ch.qos.logback.core.joran.util.PropertySetter@319988b0 - [jdk.internal.loader.ClassLoaders$AppClassLoader@76ed5528] whereas object of type 
ERROR in ch.qos.logback.core.joran.util.PropertySetter@319988b0 - "ch.qos.logback.core.rolling.SizeBasedTriggeringPolicy" was loaded by [jdk.internal.loader.ClassLoaders$AppClassLoader@76ed5528].
	at org.springframework.boot.context.logging.LoggingApplicationListener.initializeSystem(LoggingApplicationListener.java:347)
	at org.springframework.boot.context.logging.LoggingApplicationListener.initialize(LoggingApplicationListener.java:298)
	at org.springframework.boot.context.logging.LoggingApplicationListener.onApplicationEnvironmentPreparedEvent(LoggingApplicationListener.java:246)
	at org.springframework.boot.context.logging.LoggingApplicationListener.onApplicationEvent(LoggingApplicationListener.java:223)
	at org.springframework.context.event.SimpleApplicationEventMulticaster.doInvokeListener(SimpleApplicationEventMulticaster.java:185)
	at org.springframework.context.event.SimpleApplicationEventMulticaster.invokeListener(SimpleApplicationEventMulticaster.java:178)
	at org.springframework.context.event.SimpleApplicationEventMulticaster.multicastEvent(SimpleApplicationEventMulticaster.java:156)
	at org.springframework.context.event.SimpleApplicationEventMulticaster.multicastEvent(SimpleApplicationEventMulticaster.java:138)
	at org.springframework.boot.context.event.EventPublishingRunListener.multicastInitialEvent(EventPublishingRunListener.java:136)
	at org.springframework.boot.context.event.EventPublishingRunListener.environmentPrepared(EventPublishingRunListener.java:81)
	at org.springframework.boot.SpringApplicationRunListeners.lambda$environmentPrepared$2(SpringApplicationRunListeners.java:64)
	at java.base/java.lang.Iterable.forEach(Iterable.java:75)
	at org.springframework.boot.SpringApplicationRunListeners.doWithListeners(SpringApplicationRunListeners.java:118)
	at org.springframework.boot.SpringApplicationRunListeners.doWithListeners(SpringApplicationRunListeners.java:112)
	at org.springframework.boot.SpringApplicationRunListeners.environmentPrepared(SpringApplicationRunListeners.java:63)
	at org.springframework.boot.SpringApplication.prepareEnvironment(SpringApplication.java:370)
	at org.springframework.boot.SpringApplication.run(SpringApplication.java:330)
	at org.springframework.boot.SpringApplication.run(SpringApplication.java:1363)
	at org.springframework.boot.SpringApplication.run(SpringApplication.java:1352)
	at com.telus.serviceactivation.activation.ActivationApplication.main(ActivationApplication.java:10)
Caused by: java.lang.IllegalStateException: Logback configuration error detected: 
ERROR in ch.qos.logback.core.joran.util.PropertySetter@319988b0 - A "ch.qos.logback.core.rolling.SizeBasedTriggeringPolicy" object is not assignable to a "ch.qos.logback.core.rolling.RollingPolicy" variable.
ERROR in ch.qos.logback.core.joran.util.PropertySetter@319988b0 - The class "ch.qos.logback.core.rolling.RollingPolicy" was loaded by 
ERROR in ch.qos.logback.core.joran.util.PropertySetter@319988b0 - [jdk.internal.loader.ClassLoaders$AppClassLoader@76ed5528] whereas object of type 
ERROR in ch.qos.logback.core.joran.util.PropertySetter@319988b0 - "ch.qos.logback.core.rolling.SizeBasedTriggeringPolicy" was loaded by [jdk.internal.loader.ClassLoaders$AppClassLoader@76ed5528].
	at org.springframework.boot.logging.logback.LogbackLoggingSystem.reportConfigurationErrorsIfNecessary(LogbackLoggingSystem.java:284)
	at org.springframework.boot.logging.logback.LogbackLoggingSystem.loadConfiguration(LogbackLoggingSystem.java:262)
	at org.springframework.boot.logging.AbstractLoggingSystem.initializeWithConventions(AbstractLoggingSystem.java:81)
	at org.springframework.boot.logging.AbstractLoggingSystem.initialize(AbstractLoggingSystem.java:61)
	at org.springframework.boot.logging.logback.LogbackLoggingSystem.initialize(LogbackLoggingSystem.java:193)
	at org.springframework.boot.context.logging.LoggingApplicationListener.initializeSystem(LoggingApplicationListener.java:332)
	... 19 common frames omitted
2024-09-05 15:08:05 ERROR o.s.boot.SpringApplication - Application run failed
java.lang.IllegalStateException: java.lang.IllegalStateException: Logback configuration error detected: 
ERROR in ch.qos.logback.core.joran.util.PropertySetter@4eed46ee - A "ch.qos.logback.core.rolling.SizeBasedTriggeringPolicy" object is not assignable to a "ch.qos.logback.core.rolling.RollingPolicy" variable.
ERROR in ch.qos.logback.core.joran.util.PropertySetter@4eed46ee - The class "ch.qos.logback.core.rolling.RollingPolicy" was loaded by 
ERROR in ch.qos.logback.core.joran.util.PropertySetter@4eed46ee - [jdk.internal.loader.ClassLoaders$AppClassLoader@76ed5528] whereas object of type 
ERROR in ch.qos.logback.core.joran.util.PropertySetter@4eed46ee - "ch.qos.logback.core.rolling.SizeBasedTriggeringPolicy" was loaded by [jdk.internal.loader.ClassLoaders$AppClassLoader@76ed5528].
	at org.springframework.boot.context.logging.LoggingApplicationListener.initializeSystem(LoggingApplicationListener.java:347)
	at org.springframework.boot.context.logging.LoggingApplicationListener.initialize(LoggingApplicationListener.java:298)
	at org.springframework.boot.context.logging.LoggingApplicationListener.onApplicationEnvironmentPreparedEvent(LoggingApplicationListener.java:246)
	at org.springframework.boot.context.logging.LoggingApplicationListener.onApplicationEvent(LoggingApplicationListener.java:223)
	at org.springframework.context.event.SimpleApplicationEventMulticaster.doInvokeListener(SimpleApplicationEventMulticaster.java:185)
	at org.springframework.context.event.SimpleApplicationEventMulticaster.invokeListener(SimpleApplicationEventMulticaster.java:178)
	at org.springframework.context.event.SimpleApplicationEventMulticaster.multicastEvent(SimpleApplicationEventMulticaster.java:156)
	at org.springframework.context.event.SimpleApplicationEventMulticaster.multicastEvent(SimpleApplicationEventMulticaster.java:138)
	at org.springframework.boot.context.event.EventPublishingRunListener.multicastInitialEvent(EventPublishingRunListener.java:136)
	at org.springframework.boot.context.event.EventPublishingRunListener.environmentPrepared(EventPublishingRunListener.java:81)
	at org.springframework.boot.SpringApplicationRunListeners.lambda$environmentPrepared$2(SpringApplicationRunListeners.java:64)
	at java.base/java.lang.Iterable.forEach(Iterable.java:75)
	at org.springframework.boot.SpringApplicationRunListeners.doWithListeners(SpringApplicationRunListeners.java:118)
	at org.springframework.boot.SpringApplicationRunListeners.doWithListeners(SpringApplicationRunListeners.java:112)
	at org.springframework.boot.SpringApplicationRunListeners.environmentPrepared(SpringApplicationRunListeners.java:63)
	at org.springframework.boot.SpringApplication.prepareEnvironment(SpringApplication.java:370)
	at org.springframework.boot.SpringApplication.run(SpringApplication.java:330)
	at org.springframework.boot.SpringApplication.run(SpringApplication.java:1363)
	at org.springframework.boot.SpringApplication.run(SpringApplication.java:1352)
	at com.telus.serviceactivation.activation.ActivationApplication.main(ActivationApplication.java:10)
Caused by: java.lang.IllegalStateException: Logback configuration error detected: 
ERROR in ch.qos.logback.core.joran.util.PropertySetter@4eed46ee - A "ch.qos.logback.core.rolling.SizeBasedTriggeringPolicy" object is not assignable to a "ch.qos.logback.core.rolling.RollingPolicy" variable.
ERROR in ch.qos.logback.core.joran.util.PropertySetter@4eed46ee - The class "ch.qos.logback.core.rolling.RollingPolicy" was loaded by 
ERROR in ch.qos.logback.core.joran.util.PropertySetter@4eed46ee - [jdk.internal.loader.ClassLoaders$AppClassLoader@76ed5528] whereas object of type 
ERROR in ch.qos.logback.core.joran.util.PropertySetter@4eed46ee - "ch.qos.logback.core.rolling.SizeBasedTriggeringPolicy" was loaded by [jdk.internal.loader.ClassLoaders$AppClassLoader@76ed5528].
	at org.springframework.boot.logging.logback.LogbackLoggingSystem.reportConfigurationErrorsIfNecessary(LogbackLoggingSystem.java:284)
	at org.springframework.boot.logging.logback.LogbackLoggingSystem.loadConfiguration(LogbackLoggingSystem.java:262)
	at org.springframework.boot.logging.AbstractLoggingSystem.initializeWithConventions(AbstractLoggingSystem.java:81)
	at org.springframework.boot.logging.AbstractLoggingSystem.initialize(AbstractLoggingSystem.java:61)
	at org.springframework.boot.logging.logback.LogbackLoggingSystem.initialize(LogbackLoggingSystem.java:193)
	at org.springframework.boot.context.logging.LoggingApplicationListener.initializeSystem(LoggingApplicationListener.java:332)
	... 19 common frames omitted
